strconv.Atoi: parsing "asd": invalid syntax
can't convert user_id : &{%!g(string=Atoi) %!g(string=asd) %!g(*errors.errorString=&{invalid syntax})}
can't convert user_id : strconv.Atoi: parsing "asd": invalid syntax
user 1 not found ...
user 3 not found ...
<nil>
user 3 not found ...
<nil>
user 3 not found ...
can't convert user_id : strconv.Atoi: parsing "asd": invalid syntax
<nil>
user 3 not found ...
<nil>
user 2 not found ...
can't convert user_id : strconv.Atoi: parsing "asd": invalid syntax
<nil>
user 4 not found ...
user 4 not found ...
user 5 not found ...
<nil>
user 4 not found ...
<nil>
user 3 not found ...
